c:\users\shay\desktop\המסמכים של מהיאר\שנה ב\תכנות מונחה עצמים\restaurant-app-master\debug\adelle_rest.pch
c:\users\shay\desktop\המסמכים של מהיאר\שנה ב\תכנות מונחה עצמים\restaurant-app-master\debug\vc142.pdb
c:\users\shay\desktop\המסמכים של מהיאר\שנה ב\תכנות מונחה עצמים\restaurant-app-master\debug\vc142.idb
c:\users\shay\desktop\המסמכים של מהיאר\שנה ב\תכנות מונחה עצמים\restaurant-app-master\debug\pch.obj
c:\users\shay\desktop\המסמכים של מהיאר\שנה ב\תכנות מונחה עצמים\restaurant-app-master\debug\steaks.obj
c:\users\shay\desktop\המסמכים של מהיאר\שנה ב\תכנות מונחה עצמים\restaurant-app-master\debug\sinta.obj
c:\users\shay\desktop\המסמכים של מהיאר\שנה ב\תכנות מונחה עצמים\restaurant-app-master\debug\restaurant_projdlg.obj
c:\users\shay\desktop\המסמכים של מהיאר\שנה ב\תכנות מונחה עצמים\restaurant-app-master\debug\restaurant_proj.obj
c:\users\shay\desktop\המסמכים של מהיאר\שנה ב\תכנות מונחה עצמים\restaurant-app-master\debug\restaurant.obj
c:\users\shay\desktop\המסמכים של מהיאר\שנה ב\תכנות מונחה עצמים\restaurant-app-master\debug\order.obj
c:\users\shay\desktop\המסמכים של מהיאר\שנה ב\תכנות מונחה עצמים\restaurant-app-master\debug\non_alcoholic.obj
c:\users\shay\desktop\המסמכים של מהיאר\שנה ב\תכנות מונחה עצמים\restaurant-app-master\debug\fillet.obj
c:\users\shay\desktop\המסמכים של מהיאר\שנה ב\תכנות מונחה עצמים\restaurant-app-master\debug\file.obj
c:\users\shay\desktop\המסמכים של מהיאר\שנה ב\תכנות מונחה עצמים\restaurant-app-master\debug\entrecote.obj
c:\users\shay\desktop\המסמכים של מהיאר\שנה ב\תכנות מונחה עצמים\restaurant-app-master\debug\drinks.obj
c:\users\shay\desktop\המסמכים של מהיאר\שנה ב\תכנות מונחה עצמים\restaurant-app-master\debug\alcohol.obj
c:\users\shay\desktop\המסמכים של מהיאר\שנה ב\תכנות מונחה עצמים\restaurant-app-master\debug\adelle_rest.ilk
c:\users\shay\desktop\המסמכים של מהיאר\שנה ב\תכנות מונחה עצמים\restaurant-app-master\debug\adelle_rest.exe
c:\users\shay\desktop\המסמכים של מהיאר\שנה ב\תכנות מונחה עצמים\restaurant-app-master\debug\adelle_rest.pdb
c:\users\shay\desktop\המסמכים של מהיאר\שנה ב\תכנות מונחה עצמים\restaurant-app-master\debug\restaurantproj.res
c:\users\shay\source\repos\restaurant-app-master\debug\alcohol.obj
c:\users\shay\source\repos\restaurant-app-master\debug\drinks.obj
c:\users\shay\source\repos\restaurant-app-master\debug\entrecote.obj
c:\users\shay\source\repos\restaurant-app-master\debug\file.obj
c:\users\shay\source\repos\restaurant-app-master\debug\fillet.obj
c:\users\shay\source\repos\restaurant-app-master\debug\non_alcoholic.obj
c:\users\shay\source\repos\restaurant-app-master\debug\order.obj
c:\users\shay\source\repos\restaurant-app-master\debug\pch.obj
c:\users\shay\source\repos\restaurant-app-master\debug\restaurant.obj
c:\users\shay\source\repos\restaurant-app-master\debug\restaurant_proj.obj
c:\users\shay\source\repos\restaurant-app-master\debug\restaurant_projdlg.obj
c:\users\shay\source\repos\restaurant-app-master\debug\sinta.obj
c:\users\shay\source\repos\restaurant-app-master\debug\steaks.obj
c:\users\shay\source\repos\restaurant-app-master\debug\adelle_rest.ilk
c:\users\shay\source\repos\restaurant-app-master\debug\restaurant_proj.ilk
c:\users\shay\source\repos\restaurant-app-master\debug\restaurantproj.res
c:\users\shay\source\repos\restaurant-app-master\debug\adelle_rest.pch
c:\users\shay\source\repos\restaurant-app-master\debug\vc142.idb
c:\users\shay\source\repos\restaurant-app-master\debug\adelle_rest.pdb
c:\users\shay\source\repos\restaurant-app-master\debug\restaurant_proj.pdb
c:\users\shay\source\repos\restaurant-app-master\debug\vc142.pdb
c:\users\shay\source\repos\restaurant-app-master\debug\adelle_rest.exe
c:\users\shay\source\repos\restaurant-app-master\debug\adelle_rest.tlog\cl.command.1.tlog
c:\users\shay\source\repos\restaurant-app-master\debug\adelle_rest.tlog\cl.read.1.tlog
c:\users\shay\source\repos\restaurant-app-master\debug\adelle_rest.tlog\cl.write.1.tlog
c:\users\shay\source\repos\restaurant-app-master\debug\adelle_rest.tlog\link.command.1.tlog
c:\users\shay\source\repos\restaurant-app-master\debug\adelle_rest.tlog\link.read.1.tlog
c:\users\shay\source\repos\restaurant-app-master\debug\adelle_rest.tlog\link.write.1.tlog
c:\users\shay\source\repos\restaurant-app-master\debug\adelle_rest.tlog\rc.command.1.tlog
c:\users\shay\source\repos\restaurant-app-master\debug\adelle_rest.tlog\rc.read.1.tlog
c:\users\shay\source\repos\restaurant-app-master\debug\adelle_rest.tlog\rc.write.1.tlog
